Arguments: 
  /home/norman/.nvm/versions/node/v14.14.0/bin/node /usr/bin/yarn add data-url:.

PATH: 
  /home/norman/.nvm/versions/node/v14.14.0/bin:/home/norman/.cargo/bin:/usr/local/sbin:/usr/local/bin:/usr/bin:/usr/lib/jvm/default/bin:/usr/bin/site_perl:/usr/bin/vendor_perl:/usr/bin/core_perl:/home/norman/go/bin:/home/norman/.yarn/bin:/home/norman/Android/Sdk/emulator:/home/norman/.local/bin

Yarn version: 
  1.22.10

Node version: 
  14.14.0

Platform: 
  linux x64

Trace: 
  Error: data-url:.: Invalid protocol: data-url:
      at Request.module.exports.Request.init (/usr/lib/node_modules/yarn/lib/cli.js:141018:31)
      at new Request (/usr/lib/node_modules/yarn/lib/cli.js:140691:8)
      at request (/usr/lib/node_modules/yarn/lib/cli.js:137597:10)
      at RequestManager.execute (/usr/lib/node_modules/yarn/lib/cli.js:67040:15)
      at RequestManager.shiftQueue (/usr/lib/node_modules/yarn/lib/cli.js:67078:10)
      at /usr/lib/node_modules/yarn/lib/cli.js:66747:13
      at new Promise (<anonymous>)
      at new F (/usr/lib/node_modules/yarn/lib/cli.js:5301:28)
      at RequestManager.request (/usr/lib/node_modules/yarn/lib/cli.js:66745:19)
      at NpmRegistry.<anonymous> (/usr/lib/node_modules/yarn/lib/cli.js:31704:42)

npm manifest: 
  {
    "name": "clls-web",
    "version": "1.0.0",
    "main": "index.js",
    "license": "MIT",
    "dependencies": {
      "codemirror": "^5.61.1",
      "codemirror-languageserver": "^1.4.3",
      "regenerator-runtime": "^0.13.7"
    }
  }

yarn manifest: 
  No manifest

Lockfile: 
  # THIS IS AN AUTOGENERATED FILE. DO NOT EDIT THIS FILE DIRECTLY.
  # yarn lockfile v1
  
  
  "@codemirror/autocomplete@^0.18.5":
    version "0.18.7"
    resolved "https://registry.yarnpkg.com/@codemirror/autocomplete/-/autocomplete-0.18.7.tgz#5d99cb8c4adf6abbc4b0cad9a14dcd2aae618916"
    integrity sha512-4x6xH2jDuJzweB0Wdx3VQrFUvZF0V7RAHoomQOCq3NxUOZd/UXcSXrj3LXItFAxi6K4OlTLayFuI3z4k3UKUQQ==
    dependencies:
      "@codemirror/language" "^0.18.0"
      "@codemirror/state" "^0.18.0"
      "@codemirror/text" "^0.18.0"
      "@codemirror/tooltip" "^0.18.4"
      "@codemirror/view" "^0.18.0"
      lezer-tree "^0.13.0"
  
  "@codemirror/language@^0.18.0":
    version "0.18.2"
    resolved "https://registry.yarnpkg.com/@codemirror/language/-/language-0.18.2.tgz#92b0e2ba0debfa8473d805efdabda5c24376cb16"
    integrity sha512-2Kz0Xyfvt1Ex2KfTUcYZ3IBxpnFCqHaJijwZknGBT7JXv9dwbOPs9SfPfL4oxVuDIHZx8JTPfoV3LTTJrm8M3Q==
    dependencies:
      "@codemirror/state" "^0.18.0"
      "@codemirror/text" "^0.18.0"
      "@codemirror/view" "^0.18.0"
      lezer "^0.13.4"
      lezer-tree "^0.13.0"
  
  "@codemirror/lint@^0.18.3":
    version "0.18.4"
    resolved "https://registry.yarnpkg.com/@codemirror/lint/-/lint-0.18.4.tgz#4cdbb4fd6fee3ac8384df62a99efefe099932feb"
    integrity sha512-H77qYfZOmo1kKf0ZQagzk/JRGVhIpwP0hq1TSO6DFC1WLjW6gcsFJO5NDMS86enm0KX0w4/IkA7PItz2mjmHhQ==
    dependencies:
      "@codemirror/panel" "^0.18.1"
      "@codemirror/state" "^0.18.0"
      "@codemirror/tooltip" "^0.18.4"
      "@codemirror/view" "^0.18.0"
      crelt "^1.0.5"
  
  "@codemirror/panel@^0.18.1":
    version "0.18.2"
    resolved "https://registry.yarnpkg.com/@codemirror/panel/-/panel-0.18.2.tgz#f82dd69fc82d752ec5d6269bbdecbbdb8df69529"
    integrity sha512-ea/g2aAKtfmie1kD7C8GDutD/5u+uzRJr/varUiAbHKr1sAdjtz5xYvC3GBAMYMan1GOh0vD5zP1yEupJl3b3Q==
    dependencies:
      "@codemirror/state" "^0.18.0"
      "@codemirror/view" "^0.18.0"
  
  "@codemirror/rangeset@^0.18.2":
    version "0.18.3"
    resolved "https://registry.yarnpkg.com/@codemirror/rangeset/-/rangeset-0.18.3.tgz#78d001f17385cf462647a60f8b15dab11990c2b1"
    integrity sha512-p6bPVr6Cw0yh/QSelsg0RoNaG4btuzZo7YMT+WFwZsjbr7+X0dVpd2vqLAHIeDUfvOzrEI/dXXPKLpZZgYeU+g==
    dependencies:
      "@codemirror/state" "^0.18.0"
  
  "@codemirror/state@^0.18.0", "@codemirror/state@^0.18.7":
    version "0.18.7"
    resolved "https://registry.yarnpkg.com/@codemirror/state/-/state-0.18.7.tgz#3339a732387bb2c034987c57ccf0649ef2f7c4c1"
    integrity sha512-cVyTiAC9vv90NKmGOfNtBjyIem3BqKui1L5Hfcxurp8K9votQj2oH9COcgWPnQ2Xs64yC70tEuTt9DF1pj5PFQ==
    dependencies:
      "@codemirror/text" "^0.18.0"
  
  "@codemirror/text@^0.18.0":
    version "0.18.0"
    resolved "https://registry.yarnpkg.com/@codemirror/text/-/text-0.18.0.tgz#a4a98862989ccef5545e730b269136d524c6a7c7"
    integrity sha512-HMzHNIAbjCiCf3tEJMRg6ul01KPuXxQGNiHlHgAnqPguq/CX+L4Nvj5JlWQAI91Pupk18zhmM1c6eaazX4YeTg==
  
  "@codemirror/tooltip@^0.18.4":
    version "0.18.4"
    resolved "https://registry.yarnpkg.com/@codemirror/tooltip/-/tooltip-0.18.4.tgz#981bc0ced792c6754148edbc1f60092f3fa54207"
    integrity sha512-LDlDOSEfjoG24uapLN7exK3Z3JchYFKUwWqo1x/9YdlAkmD1ik7cMSQZboCquP1uJVcXhtbpKmaO6vENGVaarg==
    dependencies:
      "@codemirror/state" "^0.18.0"
      "@codemirror/view" "^0.18.0"
  
  "@codemirror/view@^0.18.0", "@codemirror/view@^0.18.13":
    version "0.18.17"
    resolved "https://registry.yarnpkg.com/@codemirror/view/-/view-0.18.17.tgz#16723d36a2079168782ea1d993b11ea6fcc397b5"
    integrity sha512-AneqrYFgQJFZY5CdIRvllaLWL7r966JZK64d05PrScYhhRT6y5iiq0VBO9nxX5Y2gbTXBdO1/eZdtJlhwa6hww==
    dependencies:
      "@codemirror/rangeset" "^0.18.2"
      "@codemirror/state" "^0.18.0"
      "@codemirror/text" "^0.18.0"
      style-mod "^4.0.0"
      w3c-keyname "^2.2.4"
  
  "@open-rpc/client-js@^1.6.2":
    version "1.7.0"
    resolved "https://registry.yarnpkg.com/@open-rpc/client-js/-/client-js-1.7.0.tgz#21c062077f7ce5c454c1e9be0cd24c3f334dbc75"
    integrity sha512-cRGJbXTgdhJNU49vWzJIATRmKBLP2x6tuHJzX9Jg3N8f1VEkge0riUEek2LFIrZiM4TdUp8XV4Ns1W0SZzdfSw==
    dependencies:
      isomorphic-fetch "^3.0.0"
      isomorphic-ws "^4.0.1"
      strict-event-emitter-types "^2.0.0"
      ws "^7.0.0"
  
  codemirror-languageserver@^1.4.3:
    version "1.4.3"
    resolved "https://registry.yarnpkg.com/codemirror-languageserver/-/codemirror-languageserver-1.4.3.tgz#31a54cefa05a0b8a26a05568557c332e68e05448"
    integrity sha512-WbcyCIMQx/5xg+kyz1aK4teVpprMNXdoYPwAUnOnm81Mik3p/Z2Pn7u3n99VHsZJBHu1uLZQY8YMqyLRlpQjUg==
    dependencies:
      "@codemirror/autocomplete" "^0.18.5"
      "@codemirror/lint" "^0.18.3"
      "@codemirror/state" "^0.18.7"
      "@codemirror/tooltip" "^0.18.4"
      "@codemirror/view" "^0.18.13"
      "@open-rpc/client-js" "^1.6.2"
      vscode-languageserver-protocol "^3.16.0"
  
  codemirror@^5.61.1:
    version "5.61.1"
    resolved "https://registry.yarnpkg.com/codemirror/-/codemirror-5.61.1.tgz#ccfc8a43b8fcfb8b12e8e75b5ffde48d541406e0"
    integrity sha512-+D1NZjAucuzE93vJGbAaXzvoBHwp9nJZWWWF9utjv25+5AZUiah6CIlfb4ikG4MoDsFsCG8niiJH5++OO2LgIQ==
  
  crelt@^1.0.5:
    version "1.0.5"
    resolved "https://registry.yarnpkg.com/crelt/-/crelt-1.0.5.tgz#57c0d52af8c859e354bace1883eb2e1eb182bb94"
    integrity sha512-+BO9wPPi+DWTDcNYhr/W90myha8ptzftZT+LwcmUbbok0rcP/fequmFYCw8NMoH7pkAZQzU78b3kYrlua5a9eA==
  
  isomorphic-fetch@^3.0.0:
    version "3.0.0"
    resolved "https://registry.yarnpkg.com/isomorphic-fetch/-/isomorphic-fetch-3.0.0.tgz#0267b005049046d2421207215d45d6a262b8b8b4"
    integrity sha512-qvUtwJ3j6qwsF3jLxkZ72qCgjMysPzDfeV240JHiGZsANBYd+EEuu35v7dfrJ9Up0Ak07D7GGSkGhCHTqg/5wA==
    dependencies:
      node-fetch "^2.6.1"
      whatwg-fetch "^3.4.1"
  
  isomorphic-ws@^4.0.1:
    version "4.0.1"
    resolved "https://registry.yarnpkg.com/isomorphic-ws/-/isomorphic-ws-4.0.1.tgz#55fd4cd6c5e6491e76dc125938dd863f5cd4f2dc"
    integrity sha512-BhBvN2MBpWTaSHdWRb/bwdZJ1WaehQ2L1KngkCkfLUGF0mAWAT1sQUQacEmQ0jXkFw/czDXPNQSL5u2/Krsz1w==
  
  lezer-tree@^0.13.0, lezer-tree@^0.13.2:
    version "0.13.2"
    resolved "https://registry.yarnpkg.com/lezer-tree/-/lezer-tree-0.13.2.tgz#00f4671309b15c27b131f637e430ce2d4d5f7065"
    integrity sha512-15ZxW8TxVNAOkHIo43Iouv4zbSkQQ5chQHBpwXcD2bBFz46RB4jYLEEww5l1V0xyIx9U2clSyyrLes+hAUFrGQ==
  
  lezer@^0.13.4:
    version "0.13.5"
    resolved "https://registry.yarnpkg.com/lezer/-/lezer-0.13.5.tgz#6000536bca7e24a5bd62e8cb4feff28b37e7dd8f"
    integrity sha512-cAiMQZGUo2BD8mpcz7Nv1TlKzWP7YIdIRrX41CiP5bk5t4GHxskOxWUx2iAOuHlz8dO+ivbuXr0J1bfHsWD+lQ==
    dependencies:
      lezer-tree "^0.13.2"
  
  node-fetch@^2.6.1:
    version "2.6.1"
    resolved "https://registry.yarnpkg.com/node-fetch/-/node-fetch-2.6.1.tgz#045bd323631f76ed2e2b55573394416b639a0052"
    integrity sha512-V4aYg89jEoVRxRb2fJdAg8FHvI7cEyYdVAh94HH0UIK8oJxUfkjlDQN9RbMx+bEjP7+ggMiFRprSti032Oipxw==
  
  regenerator-runtime@^0.13.7:
    version "0.13.7"
    resolved "https://registry.yarnpkg.com/regenerator-runtime/-/regenerator-runtime-0.13.7.tgz#cac2dacc8a1ea675feaabaeb8ae833898ae46f55"
    integrity sha512-a54FxoJDIr27pgf7IgeQGxmqUNYrcV338lf/6gH456HZ/PhX+5BcwHXG9ajESmwe6WRO0tAzRUrRmNONWgkrew==
  
  strict-event-emitter-types@^2.0.0:
    version "2.0.0"
    resolved "https://registry.yarnpkg.com/strict-event-emitter-types/-/strict-event-emitter-types-2.0.0.tgz#05e15549cb4da1694478a53543e4e2f4abcf277f"
    integrity sha512-Nk/brWYpD85WlOgzw5h173aci0Teyv8YdIAEtV+N88nDB0dLlazZyJMIsN6eo1/AR61l+p6CJTG1JIyFaoNEEA==
  
  style-mod@^4.0.0:
    version "4.0.0"
    resolved "https://registry.yarnpkg.com/style-mod/-/style-mod-4.0.0.tgz#97e7c2d68b592975f2ca7a63d0dd6fcacfe35a01"
    integrity sha512-OPhtyEjyyN9x3nhPsu76f52yUGXiZcgvsrFVtvTkyGRQJ0XK+GPc6ov1z+lRpbeabka+MYEQxOYRnt5nF30aMw==
  
  vscode-jsonrpc@6.0.0:
    version "6.0.0"
    resolved "https://registry.yarnpkg.com/vscode-jsonrpc/-/vscode-jsonrpc-6.0.0.tgz#108bdb09b4400705176b957ceca9e0880e9b6d4e"
    integrity sha512-wnJA4BnEjOSyFMvjZdpiOwhSq9uDoK8e/kpRJDTaMYzwlkrhG1fwDIZI94CLsLzlCK5cIbMMtFlJlfR57Lavmg==
  
  vscode-languageserver-protocol@^3.16.0:
    version "3.16.0"
    resolved "https://registry.yarnpkg.com/vscode-languageserver-protocol/-/vscode-languageserver-protocol-3.16.0.tgz#34135b61a9091db972188a07d337406a3cdbe821"
    integrity sha512-sdeUoAawceQdgIfTI+sdcwkiK2KU+2cbEYA0agzM2uqaUy2UpnnGHtWTHVEtS0ES4zHU0eMFRGN+oQgDxlD66A==
    dependencies:
      vscode-jsonrpc "6.0.0"
      vscode-languageserver-types "3.16.0"
  
  vscode-languageserver-types@3.16.0:
    version "3.16.0"
    resolved "https://registry.yarnpkg.com/vscode-languageserver-types/-/vscode-languageserver-types-3.16.0.tgz#ecf393fc121ec6974b2da3efb3155644c514e247"
    integrity sha512-k8luDIWJWyenLc5ToFQQMaSrqCHiLwyKPHKPQZ5zz21vM+vIVUSvsRpcbiECH4WR88K2XZqc4ScRcZ7nk/jbeA==
  
  w3c-keyname@^2.2.4:
    version "2.2.4"
    resolved "https://registry.yarnpkg.com/w3c-keyname/-/w3c-keyname-2.2.4.tgz#4ade6916f6290224cdbd1db8ac49eab03d0eef6b"
    integrity sha512-tOhfEwEzFLJzf6d1ZPkYfGj+FWhIpBux9ppoP3rlclw3Z0BZv3N7b7030Z1kYth+6rDuAsXUFr+d0VE6Ed1ikw==
  
  whatwg-fetch@^3.4.1:
    version "3.6.2"
    resolved "https://registry.yarnpkg.com/whatwg-fetch/-/whatwg-fetch-3.6.2.tgz#dced24f37f2624ed0281725d51d0e2e3fe677f8c"
    integrity sha512-bJlen0FcuU/0EMLrdbJ7zOnW6ITZLrZMIarMUVmdKtsGvZna8vxKYaexICWPfZ8qwf9fzNq+UEIZrnSaApt6RA==
  
  ws@^7.0.0:
    version "7.5.0"
    resolved "https://registry.yarnpkg.com/ws/-/ws-7.5.0.tgz#0033bafea031fb9df041b2026fc72a571ca44691"
    integrity sha512-6ezXvzOZupqKj4jUqbQ9tXuJNo+BR2gU8fFRk3XCP3e0G6WT414u5ELe6Y0vtp7kmSJ3F7YWObSNr1ESsgi4vw==
